[INFO] Scanning for projects...
[INFO] 
[INFO] --------------------------< GMT_P:sub_mod_1 >---------------------------
[INFO] Building sub_mod_1 1.0-SNAPSHOT
[INFO] --------------------------------[ jar ]---------------------------------
[INFO] 
[INFO] --- maven-resources-plugin:2.6:resources (default-resources) @ sub_mod_1 ---
[INFO] Using 'UTF-8' encoding to copy filtered resources.
[INFO] skip non existing resourceDirectory C:\Users\user\Code\Python\BugMinerTest\tested_project\MavenProj\sub_mod_1\src\main\resources
[INFO] 
[INFO] --- maven-compiler-plugin:3.1:compile (default-compile) @ sub_mod_1 ---
[INFO] Nothing to compile - all classes are up to date
[INFO] 
[INFO] --- maven-resources-plugin:2.6:testResources (default-testResources) @ sub_mod_1 ---
[INFO] Using 'UTF-8' encoding to copy filtered resources.
[INFO] skip non existing resourceDirectory C:\Users\user\Code\Python\BugMinerTest\tested_project\MavenProj\sub_mod_1\src\test\resources
[INFO] 
[INFO] --- maven-compiler-plugin:3.1:testCompile (default-testCompile) @ sub_mod_1 ---
[INFO] Changes detected - recompiling the module!
[INFO] Compiling 2 source files to C:\Users\user\Code\Python\BugMinerTest\tested_project\MavenProj\sub_mod_1\target\test-classes
[INFO] -------------------------------------------------------------
[ERROR] COMPILATION ERROR : 
[INFO] -------------------------------------------------------------
[ERROR] /C:/Users/user/Code/Python/BugMinerTest/tested_project/MavenProj/sub_mod_1/src/test/java/MainTest.java:[13,10] cannot find symbol
  symbol:   method goo()
  location: variable m of type Main
[INFO] 1 error
[INFO] -------------------------------------------------------------
[INFO] ------------------------------------------------------------------------
[INFO] BUILD FAILURE
[INFO] ------------------------------------------------------------------------
[INFO] Total time: 5.674 s
[INFO] Finished at: 2018-09-16T08:59:23+03:00
[INFO] ------------------------------------------------------------------------
[ERROR] Failed to execute goal org.apache.maven.plugins:maven-compiler-plugin:3.1:testCompile (default-testCompile) on project sub_mod_1: Compilation failure
[ERROR] /C:/Users/user/Code/Python/BugMinerTest/tested_project/MavenProj/sub_mod_1/src/test/java/MainTest.java:[13,10] cannot find symbol
[ERROR]   symbol:   method goo()
[ERROR]   location: variable m of type Main
[ERROR] 
[ERROR] -> [Help 1]
[ERROR] 
[ERROR] To see the full stack trace of the errors, re-run Maven with the -e switch.
[ERROR] Re-run Maven using the -X switch to enable full debug logging.
[ERROR] 
[ERROR] For more information about the errors and possible solutions, please read the following articles:
[ERROR] [Help 1] http://cwiki.apache.org/confluence/display/MAVEN/MojoFailureException
